\BOOKMARK [1][-]{section.1}{Zweck des Dokuemnts}{}% 1
\BOOKMARK [1][-]{section.2}{Projektplan}{}% 2
\BOOKMARK [1][-]{section.3}{Projektbericht}{}% 3
\BOOKMARK [2][-]{subsection.3.1}{KW 7}{section.3}% 4
\BOOKMARK [2][-]{subsection.3.2}{KW 8}{section.3}% 5
\BOOKMARK [2][-]{subsection.3.3}{KW 9}{section.3}% 6
\BOOKMARK [2][-]{subsection.3.4}{KW 10}{section.3}% 7
\BOOKMARK [2][-]{subsection.3.5}{KW 11}{section.3}% 8
\BOOKMARK [2][-]{subsection.3.6}{KW 12}{section.3}% 9
\BOOKMARK [2][-]{subsection.3.7}{KW 13}{section.3}% 10
\BOOKMARK [2][-]{subsection.3.8}{KW 17}{section.3}% 11
\BOOKMARK [2][-]{subsection.3.9}{KW 18}{section.3}% 12
\BOOKMARK [2][-]{subsection.3.10}{KW 20}{section.3}% 13
\BOOKMARK [2][-]{subsection.3.11}{KW 21}{section.3}% 14
\BOOKMARK [1][-]{section.4}{Risikokatalog}{}% 15
\BOOKMARK [1][-]{section.5}{QS-Plan}{}% 16
\BOOKMARK [2][-]{subsection.5.1}{Vorgehen zur Qualit\344tssicherung}{section.5}% 17
\BOOKMARK [2][-]{subsection.5.2}{Qualit\344tsziele}{section.5}% 18
\BOOKMARK [2][-]{subsection.5.3}{Pr\374fplan}{section.5}% 19
\BOOKMARK [2][-]{subsection.5.4}{Pf\374fmethoden}{section.5}% 20
\BOOKMARK [3][-]{subsubsection.5.4.1}{Review}{subsection.5.4}% 21
\BOOKMARK [3][-]{subsubsection.5.4.2}{Applikations-Tests}{subsection.5.4}% 22
\BOOKMARK [2][-]{subsection.5.5}{Pr\374fspezifikationen}{section.5}% 23
\BOOKMARK [3][-]{subsubsection.5.5.1}{Checklisten f\374r die Pr\374fung der Projektdokumente}{subsection.5.5}% 24
\BOOKMARK [4][-]{paragraph.5.5.1.1}{Projektantrag}{subsubsection.5.5.1}% 25
\BOOKMARK [4][-]{paragraph.5.5.1.2}{Projektplan}{subsubsection.5.5.1}% 26
\BOOKMARK [4][-]{paragraph.5.5.1.3}{Voranalysebericht}{subsubsection.5.5.1}% 27
\BOOKMARK [4][-]{paragraph.5.5.1.4}{Konzeptbericht}{subsubsection.5.5.1}% 28
\BOOKMARK [4][-]{paragraph.5.5.1.5}{Programm}{subsubsection.5.5.1}% 29
\BOOKMARK [4][-]{paragraph.5.5.1.6}{Realisierungsbericht}{subsubsection.5.5.1}% 30
\BOOKMARK [4][-]{paragraph.5.5.1.7}{Einf\374hrungsbericht}{subsubsection.5.5.1}% 31
\BOOKMARK [4][-]{paragraph.5.5.1.8}{Projektf\374hrung}{subsubsection.5.5.1}% 32
\BOOKMARK [3][-]{subsubsection.5.5.2}{Testfalltabellen}{subsection.5.5}% 33
\BOOKMARK [1][-]{section.6}{Konfigurationsmanagementplan \(KM-Plan\)}{}% 34
\BOOKMARK [2][-]{subsection.6.1}{Aufzubewahrende Projektergebnisse und ggf. sonstige Dokumente}{section.6}% 35
\BOOKMARK [2][-]{subsection.6.2}{Ablagestruktur}{section.6}% 36
\BOOKMARK [3][-]{subsubsection.6.2.1}{documentation}{subsection.6.2}% 37
\BOOKMARK [3][-]{subsubsection.6.2.2}{Code}{subsection.6.2}% 38
\BOOKMARK [2][-]{subsection.6.3}{Namenskonventionen}{section.6}% 39
\BOOKMARK [1][-]{section.7}{Konfigurationsidentifikation}{}% 40
\BOOKMARK [2][-]{subsection.7.1}{Dokumentation}{section.7}% 41
\BOOKMARK [2][-]{subsection.7.2}{Applikation \(sourcecode\)}{section.7}% 42
