This is pdfTeX, Version 3.1415926-1.40.10 (TeX Live 2009/Debian) (format=pdflatex 2011.4.5)  29 MAY 2011 23:00
entering extended mode
 %&-line parsing enabled.
**projektfuehrung.tex
(./projektfuehrung.tex
LaTeX2e <2009/09/24>
Babel <v3.8l> and hyphenation patterns for english, usenglishmax, dumylang, noh
yphenation, loaded.
(/usr/share/texmf-texlive/tex/latex/koma-script/scrartcl.cls
Document Class: scrartcl 2009/07/24 v3.04a KOMA-Script document class (article)

(/usr/share/texmf-texlive/tex/latex/koma-script/scrkbase.sty
Package: scrkbase 2009/07/24 v3.04a KOMA-Script package (KOMA-Script-dependent 
basics and keyval usage)

(/usr/share/texmf-texlive/tex/latex/koma-script/scrbase.sty
Package: scrbase 2009/07/24 v3.04a KOMA-Script package (KOMA-Script-independent
 basics and keyval usage)

(/usr/share/texmf-texlive/tex/latex/graphics/keyval.sty
Package: keyval 1999/03/16 v1.13 key=value parser (DPC)
\KV@toks@=\toks14
)
(/usr/share/texmf-texlive/tex/latex/koma-script/scrlfile.sty
Package: scrlfile 2009/03/25 v3.03 KOMA-Script package (loading files)

Package scrlfile, 2009/03/25 v3.03 KOMA-Script package (loading files)
                  Copyright (C) Markus Kohm

))) (/usr/share/texmf-texlive/tex/latex/koma-script/tocbasic.sty
Package: tocbasic 2009/06/08 v3.03b KOMA-Script package (handling toc-files)
)
Package tocbasic Info: omitting babel extension for `toc'
(tocbasic)             because of feature `nobabel' available
(tocbasic)             for `toc' on input line 115.
Package tocbasic Info: omitting babel extension for `lof'
(tocbasic)             because of feature `nobabel' available
(tocbasic)             for `lof' on input line 116.
Package tocbasic Info: omitting babel extension for `lot'
(tocbasic)             because of feature `nobabel' available
(tocbasic)             for `lot' on input line 117.
Package scrartcl Info: You've used obsolete option `10pt'.
(scrartcl)             \KOMAExecuteOptions{fontsize=10pt} will be
(scrartcl)             used instead.
(scrartcl)             You may simply replace `10pt'
(scrartcl)             by `fontsize=10pt'.
Class scrartcl Info: You've used standard option `final'.
(scrartcl)           This is correct!
(scrartcl)           Internaly I'm using `draft=false'.
(scrartcl)           If you'd like to set the option with \KOMAoptions,
(scrartcl)           you'd have to use `draft=false' there
(scrartcl)           instead of `final', too.
Class scrartcl Info: File `scrsize10pt.clo' used to setup font sizes on input l
ine 1171.

(/usr/share/texmf-texlive/tex/latex/koma-script/scrsize10pt.clo
File: scrsize10pt.clo 2009/07/24 v3.04a KOMA-Script font size class option (10p
t)
)
(/usr/share/texmf-texlive/tex/latex/koma-script/typearea.sty
Package: typearea 2009/07/24 v3.04a KOMA-Script package (type area)

Package typearea, 2009/07/24 v3.04a KOMA-Script package (type area)
                  Copyright (C) Frank Neukam, 1992-1994
                  Copyright (C) Markus Kohm, 1994-

\ta@bcor=\skip41
\ta@div=\count79
\ta@hblk=\skip42
\ta@vblk=\skip43
\ta@temp=\skip44
Package typearea Info: These are the values describing the layout:
(typearea)             DIV  = 8
(typearea)             BCOR = 0.0pt
(typearea)             \paperwidth      = 597.50793pt
(typearea)              \textwidth      = 373.44246pt
(typearea)              DIV departure   = -4%
(typearea)              \evensidemargin = 39.76274pt
(typearea)              \oddsidemargin  = 39.76274pt
(typearea)             \paperheight     = 845.04694pt
(typearea)              \textheight     = 538.0pt
(typearea)              \topmargin      = 0.36087pt
(typearea)              \headheight     = 15.0pt
(typearea)              \headsep        = 18.0pt
(typearea)              \topskip        = 10.0pt
(typearea)              \footskip       = 42.0pt
(typearea)              \baselineskip   = 12.0pt
(typearea)              on input line 1115.
)
\c@part=\count80
\c@section=\count81
\c@subsection=\count82
\c@subsubsection=\count83
\c@paragraph=\count84
\c@subparagraph=\count85
\abovecaptionskip=\skip45
\belowcaptionskip=\skip46
\c@pti@nb@sid@b@x=\box26
\c@figure=\count86
\c@table=\count87
\bibindent=\dimen102
) (/usr/share/texmf-texlive/tex/latex/base/inputenc.sty
Package: inputenc 2008/03/30 v1.1d Input encoding file
\inpenc@prehook=\toks15
\inpenc@posthook=\toks16

(/usr/share/texmf-texlive/tex/latex/base/utf8.def
File: utf8.def 2008/04/05 v1.1m UTF-8 support for inputenc
Now handling font encoding OML ...
... no UTF-8 mapping file for font encoding OML
Now handling font encoding T1 ...
... processing UTF-8 mapping file for font encoding T1

(/usr/share/texmf-texlive/tex/latex/base/t1enc.dfu
File: t1enc.dfu 2008/04/05 v1.1m UTF-8 support for inputenc
   defining Unicode char U+00A1 (decimal 161)
   defining Unicode char U+00A3 (decimal 163)
   defining Unicode char U+00AB (decimal 171)
   defining Unicode char U+00BB (decimal 187)
   defining Unicode char U+00BF (decimal 191)
   defining Unicode char U+00C0 (decimal 192)
   defining Unicode char U+00C1 (decimal 193)
   defining Unicode char U+00C2 (decimal 194)
   defining Unicode char U+00C3 (decimal 195)
   defining Unicode char U+00C4 (decimal 196)
   defining Unicode char U+00C5 (decimal 197)
   defining Unicode char U+00C6 (decimal 198)
   defining Unicode char U+00C7 (decimal 199)
   defining Unicode char U+00C8 (decimal 200)
   defining Unicode char U+00C9 (decimal 201)
   defining Unicode char U+00CA (decimal 202)
   defining Unicode char U+00CB (decimal 203)
   defining Unicode char U+00CC (decimal 204)
   defining Unicode char U+00CD (decimal 205)
   defining Unicode char U+00CE (decimal 206)
   defining Unicode char U+00CF (decimal 207)
   defining Unicode char U+00D0 (decimal 208)
   defining Unicode char U+00D1 (decimal 209)
   defining Unicode char U+00D2 (decimal 210)
   defining Unicode char U+00D3 (decimal 211)
   defining Unicode char U+00D4 (decimal 212)
   defining Unicode char U+00D5 (decimal 213)
   defining Unicode char U+00D6 (decimal 214)
   defining Unicode char U+00D8 (decimal 216)
   defining Unicode char U+00D9 (decimal 217)
   defining Unicode char U+00DA (decimal 218)
   defining Unicode char U+00DB (decimal 219)
   defining Unicode char U+00DC (decimal 220)
   defining Unicode char U+00DD (decimal 221)
   defining Unicode char U+00DE (decimal 222)
   defining Unicode char U+00DF (decimal 223)
   defining Unicode char U+00E0 (decimal 224)
   defining Unicode char U+00E1 (decimal 225)
   defining Unicode char U+00E2 (decimal 226)
   defining Unicode char U+00E3 (decimal 227)
   defining Unicode char U+00E4 (decimal 228)
   defining Unicode char U+00E5 (decimal 229)
   defining Unicode char U+00E6 (decimal 230)
   defining Unicode char U+00E7 (decimal 231)
   defining Unicode char U+00E8 (decimal 232)
   defining Unicode char U+00E9 (decimal 233)
   defining Unicode char U+00EA (decimal 234)
   defining Unicode char U+00EB (decimal 235)
   defining Unicode char U+00EC (decimal 236)
   defining Unicode char U+00ED (decimal 237)
   defining Unicode char U+00EE (decimal 238)
   defining Unicode char U+00EF (decimal 239)
   defining Unicode char U+00F0 (decimal 240)
   defining Unicode char U+00F1 (decimal 241)
   defining Unicode char U+00F2 (decimal 242)
   defining Unicode char U+00F3 (decimal 243)
   defining Unicode char U+00F4 (decimal 244)
   defining Unicode char U+00F5 (decimal 245)
   defining Unicode char U+00F6 (decimal 246)
   defining Unicode char U+00F8 (decimal 248)
   defining Unicode char U+00F9 (decimal 249)
   defining Unicode char U+00FA (decimal 250)
   defining Unicode char U+00FB (decimal 251)
   defining Unicode char U+00FC (decimal 252)
   defining Unicode char U+00FD (decimal 253)
   defining Unicode char U+00FE (decimal 254)
   defining Unicode char U+00FF (decimal 255)
   defining Unicode char U+0102 (decimal 258)
   defining Unicode char U+0103 (decimal 259)
   defining Unicode char U+0104 (decimal 260)
   defining Unicode char U+0105 (decimal 261)
   defining Unicode char U+0106 (decimal 262)
   defining Unicode char U+0107 (decimal 263)
   defining Unicode char U+010C (decimal 268)
   defining Unicode char U+010D (decimal 269)
   defining Unicode char U+010E (decimal 270)
   defining Unicode char U+010F (decimal 271)
   defining Unicode char U+0110 (decimal 272)
   defining Unicode char U+0111 (decimal 273)
   defining Unicode char U+0118 (decimal 280)
   defining Unicode char U+0119 (decimal 281)
   defining Unicode char U+011A (decimal 282)
   defining Unicode char U+011B (decimal 283)
   defining Unicode char U+011E (decimal 286)
   defining Unicode char U+011F (decimal 287)
   defining Unicode char U+0130 (decimal 304)
   defining Unicode char U+0131 (decimal 305)
   defining Unicode char U+0132 (decimal 306)
   defining Unicode char U+0133 (decimal 307)
   defining Unicode char U+0139 (decimal 313)
   defining Unicode char U+013A (decimal 314)
   defining Unicode char U+013D (decimal 317)
   defining Unicode char U+013E (decimal 318)
   defining Unicode char U+0141 (decimal 321)
   defining Unicode char U+0142 (decimal 322)
   defining Unicode char U+0143 (decimal 323)
   defining Unicode char U+0144 (decimal 324)
   defining Unicode char U+0147 (decimal 327)
   defining Unicode char U+0148 (decimal 328)
   defining Unicode char U+014A (decimal 330)
   defining Unicode char U+014B (decimal 331)
   defining Unicode char U+0150 (decimal 336)
   defining Unicode char U+0151 (decimal 337)
   defining Unicode char U+0152 (decimal 338)
   defining Unicode char U+0153 (decimal 339)
   defining Unicode char U+0154 (decimal 340)
   defining Unicode char U+0155 (decimal 341)
   defining Unicode char U+0158 (decimal 344)
   defining Unicode char U+0159 (decimal 345)
   defining Unicode char U+015A (decimal 346)
   defining Unicode char U+015B (decimal 347)
   defining Unicode char U+015E (decimal 350)
   defining Unicode char U+015F (decimal 351)
   defining Unicode char U+0160 (decimal 352)
   defining Unicode char U+0161 (decimal 353)
   defining Unicode char U+0162 (decimal 354)
   defining Unicode char U+0163 (decimal 355)
   defining Unicode char U+0164 (decimal 356)
   defining Unicode char U+0165 (decimal 357)
   defining Unicode char U+016E (decimal 366)
   defining Unicode char U+016F (decimal 367)
   defining Unicode char U+0170 (decimal 368)
   defining Unicode char U+0171 (decimal 369)
   defining Unicode char U+0178 (decimal 376)
   defining Unicode char U+0179 (decimal 377)
   defining Unicode char U+017A (decimal 378)
   defining Unicode char U+017B (decimal 379)
   defining Unicode char U+017C (decimal 380)
   defining Unicode char U+017D (decimal 381)
   defining Unicode char U+017E (decimal 382)
   defining Unicode char U+200C (decimal 8204)
   defining Unicode char U+2013 (decimal 8211)
   defining Unicode char U+2014 (decimal 8212)
   defining Unicode char U+2018 (decimal 8216)
   defining Unicode char U+2019 (decimal 8217)
   defining Unicode char U+201A (decimal 8218)
   defining Unicode char U+201C (decimal 8220)
   defining Unicode char U+201D (decimal 8221)
   defining Unicode char U+201E (decimal 8222)
   defining Unicode char U+2030 (decimal 8240)
   defining Unicode char U+2031 (decimal 8241)
   defining Unicode char U+2039 (decimal 8249)
   defining Unicode char U+203A (decimal 8250)
   defining Unicode char U+2423 (decimal 9251)
)
Now handling font encoding OT1 ...
... processing UTF-8 mapping file for font encoding OT1

(/usr/share/texmf-texlive/tex/latex/base/ot1enc.dfu
File: ot1enc.dfu 2008/04/05 v1.1m UTF-8 support for inputenc
   defining Unicode char U+00A1 (decimal 161)
   defining Unicode char U+00A3 (decimal 163)
   defining Unicode char U+00B8 (decimal 184)
   defining Unicode char U+00BF (decimal 191)
   defining Unicode char U+00C5 (decimal 197)
   defining Unicode char U+00C6 (decimal 198)
   defining Unicode char U+00D8 (decimal 216)
   defining Unicode char U+00DF (decimal 223)
   defining Unicode char U+00E6 (decimal 230)
   defining Unicode char U+00EC (decimal 236)
   defining Unicode char U+00ED (decimal 237)
   defining Unicode char U+00EE (decimal 238)
   defining Unicode char U+00EF (decimal 239)
   defining Unicode char U+00F8 (decimal 248)
   defining Unicode char U+0131 (decimal 305)
   defining Unicode char U+0141 (decimal 321)
   defining Unicode char U+0142 (decimal 322)
   defining Unicode char U+0152 (decimal 338)
   defining Unicode char U+0153 (decimal 339)
   defining Unicode char U+2013 (decimal 8211)
   defining Unicode char U+2014 (decimal 8212)
   defining Unicode char U+2018 (decimal 8216)
   defining Unicode char U+2019 (decimal 8217)
   defining Unicode char U+201C (decimal 8220)
   defining Unicode char U+201D (decimal 8221)
)
Now handling font encoding OMS ...
... processing UTF-8 mapping file for font encoding OMS

(/usr/share/texmf-texlive/tex/latex/base/omsenc.dfu
File: omsenc.dfu 2008/04/05 v1.1m UTF-8 support for inputenc
   defining Unicode char U+00A7 (decimal 167)
   defining Unicode char U+00B6 (decimal 182)
   defining Unicode char U+00B7 (decimal 183)
   defining Unicode char U+2020 (decimal 8224)
   defining Unicode char U+2021 (decimal 8225)
   defining Unicode char U+2022 (decimal 8226)
)
Now handling font encoding OMX ...
... no UTF-8 mapping file for font encoding OMX
Now handling font encoding U ...
... no UTF-8 mapping file for font encoding U
   defining Unicode char U+00A9 (decimal 169)
   defining Unicode char U+00AA (decimal 170)
   defining Unicode char U+00AE (decimal 174)
   defining Unicode char U+00BA (decimal 186)
   defining Unicode char U+02C6 (decimal 710)
   defining Unicode char U+02DC (decimal 732)
   defining Unicode char U+200C (decimal 8204)
   defining Unicode char U+2026 (decimal 8230)
   defining Unicode char U+2122 (decimal 8482)
   defining Unicode char U+2423 (decimal 9251)
))
(/usr/share/texmf-texlive/tex/latex/tools/tabularx.sty
Package: tabularx 1999/01/07 v2.07 `tabularx' package (DPC)

(/usr/share/texmf-texlive/tex/latex/tools/array.sty
Package: array 2008/09/09 v2.4c Tabular extension package (FMi)
\col@sep=\dimen103
\extrarowheight=\dimen104
\NC@list=\toks17
\extratabsurround=\skip47
\backup@length=\skip48
)
\TX@col@width=\dimen105
\TX@old@table=\dimen106
\TX@old@col=\dimen107
\TX@target=\dimen108
\TX@delta=\dimen109
\TX@cols=\count88
\TX@ftn=\toks18
)
(/usr/share/texmf-texlive/tex/latex/geometry/geometry.sty
Package: geometry 2008/12/21 v4.2 Page Geometry

(/usr/share/texmf-texlive/tex/generic/oberdiek/ifpdf.sty
Package: ifpdf 2009/04/10 v2.0 Provides the ifpdf switch (HO)
Package ifpdf Info: pdfTeX in pdf mode detected.
)
(/usr/share/texmf-texlive/tex/generic/oberdiek/ifvtex.sty
Package: ifvtex 2008/11/04 v1.4 Switches for detecting VTeX and its modes (HO)
Package ifvtex Info: VTeX not detected.
)
\Gm@cnth=\count89
\Gm@cntv=\count90
\c@Gm@tempcnt=\count91
\Gm@bindingoffset=\dimen110
\Gm@wd@mp=\dimen111
\Gm@odd@mp=\dimen112
\Gm@even@mp=\dimen113
\Gm@dimlist=\toks19
)
(/usr/share/texmf/tex/latex/xcolor/xcolor.sty
Package: xcolor 2007/01/21 v2.11 LaTeX color extensions (UK)

(/etc/texmf/tex/latex/config/color.cfg
File: color.cfg 2007/01/18 v1.5 color configuration of teTeX/TeXLive
)
Package xcolor Info: Driver file: pdftex.def on input line 225.

(/usr/share/texmf-texlive/tex/latex/pdftex-def/pdftex.def
File: pdftex.def 2009/08/25 v0.04m Graphics/color for pdfTeX
\Gread@gobject=\count92
)
(/usr/share/texmf-texlive/tex/latex/colortbl/colortbl.sty
Package: colortbl 2001/02/13 v0.1j Color table columns (DPC)
\everycr=\toks20
\minrowclearance=\skip49
)
\rownum=\count93
Package xcolor Info: Model `cmy' substituted by `cmy0' on input line 1337.
Package xcolor Info: Model `hsb' substituted by `rgb' on input line 1341.
Package xcolor Info: Model `RGB' extended on input line 1353.
Package xcolor Info: Model `HTML' substituted by `rgb' on input line 1355.
Package xcolor Info: Model `Hsb' substituted by `hsb' on input line 1356.
Package xcolor Info: Model `tHsb' substituted by `hsb' on input line 1357.
Package xcolor Info: Model `HSB' substituted by `hsb' on input line 1358.
Package xcolor Info: Model `Gray' substituted by `gray' on input line 1359.
Package xcolor Info: Model `wave' substituted by `hsb' on input line 1360.
)
(/usr/share/texmf-texlive/tex/latex/graphics/graphicx.sty
Package: graphicx 1999/02/16 v1.0f Enhanced LaTeX Graphics (DPC,SPQR)

(/usr/share/texmf-texlive/tex/latex/graphics/graphics.sty
Package: graphics 2009/02/05 v1.0o Standard LaTeX Graphics (DPC,SPQR)

(/usr/share/texmf-texlive/tex/latex/graphics/trig.sty
Package: trig 1999/03/16 v1.09 sin cos tan (DPC)
)
(/etc/texmf/tex/latex/config/graphics.cfg
File: graphics.cfg 2009/08/28 v1.8 graphics configuration of TeX Live
)
Package graphics Info: Driver file: pdftex.def on input line 91.
)
\Gin@req@height=\dimen114
\Gin@req@width=\dimen115
)
(/usr/share/texmf-texlive/tex/latex/hyperref/hyperref.sty
Package: hyperref 2009/10/09 v6.79a Hypertext links for LaTeX

(/usr/share/texmf-texlive/tex/generic/ifxetex/ifxetex.sty
Package: ifxetex 2009/01/23 v0.5 Provides ifxetex conditional
)
(/usr/share/texmf-texlive/tex/latex/oberdiek/hycolor.sty
Package: hycolor 2009/10/02 v1.5 Code for color options of hyperref/bookmark (H
O)

(/usr/share/texmf-texlive/tex/latex/oberdiek/xcolor-patch.sty
Package: xcolor-patch 2009/10/02 xcolor patch
))
\@linkdim=\dimen116
\Hy@linkcounter=\count94
\Hy@pagecounter=\count95

(/usr/share/texmf-texlive/tex/latex/hyperref/pd1enc.def
File: pd1enc.def 2009/10/09 v6.79a Hyperref: PDFDocEncoding definition (HO)
Now handling font encoding PD1 ...
... no UTF-8 mapping file for font encoding PD1
)
(/usr/share/texmf-texlive/tex/generic/oberdiek/etexcmds.sty
Package: etexcmds 2007/12/12 v1.2 Prefix for e-TeX command names (HO)

(/usr/share/texmf-texlive/tex/generic/oberdiek/infwarerr.sty
Package: infwarerr 2007/09/09 v1.2 Providing info/warning/message (HO)
)
Package etexcmds Info: Could not find \expanded.
(etexcmds)             That can mean that you are not using pdfTeX 1.50 or
(etexcmds)             that some package has redefined \expanded.
(etexcmds)             In the latter case, load this package earlier.
)
(/etc/texmf/tex/latex/config/hyperref.cfg
File: hyperref.cfg 2002/06/06 v1.2 hyperref configuration of TeXLive
)
(/usr/share/texmf-texlive/tex/latex/oberdiek/kvoptions.sty
Package: kvoptions 2009/08/13 v3.4 Keyval support for LaTeX options (HO)

(/usr/share/texmf-texlive/tex/generic/oberdiek/kvsetkeys.sty
Package: kvsetkeys 2009/07/30 v1.5 Key value parser with default handler suppor
t (HO)
))
Package hyperref Info: Option `final' set `true' on input line 2864.
Package hyperref Info: Hyper figures OFF on input line 2975.
Package hyperref Info: Link nesting OFF on input line 2980.
Package hyperref Info: Hyper index ON on input line 2983.
Package hyperref Info: Plain pages OFF on input line 2990.
Package hyperref Info: Backreferencing OFF on input line 2995.

Implicit mode ON; LaTeX internals redefined
Package hyperref Info: Bookmarks ON on input line 3191.
(/usr/share/texmf-texlive/tex/latex/ltxmisc/url.sty
\Urlmuskip=\muskip10
Package: url 2006/04/12  ver 3.3  Verb mode for urls, etc.
)
LaTeX Info: Redefining \url on input line 3428.

(/usr/share/texmf-texlive/tex/generic/oberdiek/bitset.sty
Package: bitset 2007/09/28 v1.0 Data type bit set (HO)

(/usr/share/texmf-texlive/tex/generic/oberdiek/intcalc.sty
Package: intcalc 2007/09/27 v1.1 Expandable integer calculations (HO)
)
(/usr/share/texmf-texlive/tex/generic/oberdiek/bigintcalc.sty
Package: bigintcalc 2007/11/11 v1.1 Expandable big integer calculations (HO)

(/usr/share/texmf-texlive/tex/generic/oberdiek/pdftexcmds.sty
Package: pdftexcmds 2009/09/23 v0.6 LuaTeX support for pdfTeX utility functions
 (HO)

(/usr/share/texmf-texlive/tex/generic/oberdiek/ifluatex.sty
Package: ifluatex 2009/04/17 v1.2 Provides the ifluatex switch (HO)
Package ifluatex Info: LuaTeX not detected.
)
(/usr/share/texmf-texlive/tex/generic/oberdiek/ltxcmds.sty
Package: ltxcmds 2009/08/05 v1.0 Some LaTeX kernel commands for general use (HO
)
)
Package pdftexcmds Info: LuaTeX not detected.
Package pdftexcmds Info: \pdf@primitive is available.
Package pdftexcmds Info: \pdf@ifprimitive is available.
)))
\Fld@menulength=\count96
\Field@Width=\dimen117
\Fld@charsize=\dimen118
\Field@toks=\toks21
Package hyperref Info: Hyper figures OFF on input line 4377.
Package hyperref Info: Link nesting OFF on input line 4382.
Package hyperref Info: Hyper index ON on input line 4385.
Package hyperref Info: backreferencing OFF on input line 4392.
Package hyperref Info: Link coloring OFF on input line 4397.
Package hyperref Info: Link coloring with OCG OFF on input line 4402.
Package hyperref Info: PDF/A mode OFF on input line 4407.

(/usr/share/texmf-texlive/tex/generic/oberdiek/atbegshi.sty
Package: atbegshi 2008/07/31 v1.9 At begin shipout hook (HO)
)
\Hy@abspage=\count97
\c@Item=\count98
)
*hyperref using default driver hpdftex*
(/usr/share/texmf-texlive/tex/latex/hyperref/hpdftex.def
File: hpdftex.def 2009/10/09 v6.79a Hyperref driver for pdfTeX
\Fld@listcount=\count99
)
(/usr/share/texmf-texlive/tex/latex/oberdiek/pdflscape.sty
Package: pdflscape 2008/08/11 v0.10 Landscape pages in PDF (HO)

(/usr/share/texmf-texlive/tex/latex/graphics/lscape.sty
Package: lscape 2000/10/22 v3.01 Landscape Pages (DPC)
)
Package pdflscape Info: Auto-detected driver: pdftex on input line 75.
)
(/usr/share/texmf-texlive/tex/latex/supertabular/supertabular.sty
Package: supertabular 2004/02/20 v4.1e the supertabular environment
\c@tracingst=\count100
\ST@wd=\dimen119
\ST@rightskip=\skip50
\ST@leftskip=\skip51
\ST@parfillskip=\skip52
\ST@pageleft=\dimen120
\ST@headht=\dimen121
\ST@tailht=\dimen122
\ST@pagesofar=\dimen123
\ST@pboxht=\dimen124
\ST@lineht=\dimen125
\ST@stretchht=\dimen126
\ST@prevht=\dimen127
\ST@toadd=\dimen128
\ST@dimen=\dimen129
\ST@pbox=\box27
)
(/usr/share/texmf-texlive/tex/latex/listings/listings.sty
\lst@mode=\count101
\lst@gtempboxa=\box28
\lst@token=\toks22
\lst@length=\count102
\lst@currlwidth=\dimen130
\lst@column=\count103
\lst@pos=\count104
\lst@lostspace=\dimen131
\lst@width=\dimen132
\lst@newlines=\count105
\lst@lineno=\count106
\lst@maxwidth=\dimen133

(/usr/share/texmf-texlive/tex/latex/listings/lstmisc.sty
File: lstmisc.sty 2007/02/22 1.4 (Carsten Heinz)
\c@lstnumber=\count107
\lst@skipnumbers=\count108
\lst@framebox=\box29
)
(/usr/share/texmf-texlive/tex/latex/listings/listings.cfg
File: listings.cfg 2007/02/22 1.4 listings configuration
))
Package: listings 2007/02/22 1.4 (Carsten Heinz)

(/usr/share/texmf-texlive/tex/latex/listings/lstlang1.sty
File: lstlang1.sty 2004/09/05 1.3 listings language file
)
Package hyperref Info: Option `colorlinks' set `true' on input line 34.

(/usr/share/texmf-texlive/tex/latex/fancyhdr/fancyhdr.sty
\fancy@headwidth=\skip53
\f@ncyO@elh=\skip54
\f@ncyO@erh=\skip55
\f@ncyO@olh=\skip56
\f@ncyO@orh=\skip57
\f@ncyO@elf=\skip58
\f@ncyO@erf=\skip59
\f@ncyO@olf=\skip60
\f@ncyO@orf=\skip61
)
(/usr/share/texmf-texlive/tex/latex/base/fontenc.sty
Package: fontenc 2005/09/27 v1.99g Standard LaTeX package

(/usr/share/texmf-texlive/tex/latex/base/t1enc.def
File: t1enc.def 2005/09/27 v1.99g Standard LaTeX file
LaTeX Font Info:    Redeclaring font encoding T1 on input line 43.
))
(/home/niklaus/texmf/tex/latex/ua1/uarial.sty
Package: uarial 2006/03/21 1.0 (WaS)
)

Package Fancyhdr Warning: \fancyhead's `E' option without twoside option is use
less on input line 59.


Package Fancyhdr Warning: \fancyhead's `E' option without twoside option is use
less on input line 60.


Package Fancyhdr Warning: \fancyfoot's `E' option without twoside option is use
less on input line 61.


Package Fancyhdr Warning: \fancyfoot's `E' option without twoside option is use
less on input line 62.

(./projektfuehrung.aux)
\openout1 = `projektfuehrung.aux'.

LaTeX Font Info:    Checking defaults for OML/cmm/m/it on input line 64.
LaTeX Font Info:    ... okay on input line 64.
LaTeX Font Info:    Checking defaults for T1/cmr/m/n on input line 64.
LaTeX Font Info:    ... okay on input line 64.
LaTeX Font Info:    Checking defaults for OT1/cmr/m/n on input line 64.
LaTeX Font Info:    ... okay on input line 64.
LaTeX Font Info:    Checking defaults for OMS/cmsy/m/n on input line 64.
LaTeX Font Info:    ... okay on input line 64.
LaTeX Font Info:    Checking defaults for OMX/cmex/m/n on input line 64.
LaTeX Font Info:    ... okay on input line 64.
LaTeX Font Info:    Checking defaults for U/cmr/m/n on input line 64.
LaTeX Font Info:    ... okay on input line 64.
LaTeX Font Info:    Checking defaults for PD1/pdf/m/n on input line 64.
LaTeX Font Info:    ... okay on input line 64.
LaTeX Font Info:    Try loading font information for T1+ua1 on input line 64.
 (/home/niklaus/texmf/tex/latex/ua1/t1ua1.fd
File: t1ua1.fd 2006/03/21 Fontinst v1.928 font definitions for T1/ua1.
)
LaTeX Font Info:    Font shape `T1/ua1/m/n' will be
(Font)              scaled to size 9.49997pt on input line 64.

*geometry auto-detecting driver*
*geometry detected driver: pdftex*
-------------------- Geometry parameters
paper: a4paper
landscape: --
twocolumn: --
twoside: --
asymmetric: --
h-parts: 56.9055pt, 483.69687pt, 56.9055pt
v-parts: 56.9055pt, 731.23584pt, 56.9055pt
hmarginratio: --
vmarginratio: --
lines: --
heightrounded: --
bindingoffset: 0.0pt
truedimen: --
includehead: --
includefoot: --
includemp: --
driver: pdftex
-------------------- Page layout dimensions and switches
\paperwidth  597.50787pt
\paperheight 845.04684pt
\textwidth  483.69687pt
\textheight 731.23584pt
\oddsidemargin  -15.36449pt
\evensidemargin -15.36449pt
\topmargin  -48.36449pt
\headheight 15.0pt
\headsep    18.0pt
\footskip   42.0pt
\marginparwidth 74.68849pt
\marginparsep   12.8401pt
\columnsep  10.0pt
\skip\footins  9.0pt plus 4.0pt minus 2.0pt
\hoffset 0.0pt
\voffset 0.0pt
\mag 1000

(1in=72.27pt, 1cm=28.45pt)
-----------------------
(/usr/share/texmf-texlive/tex/context/base/supp-pdf.mkii
[Loading MPS to PDF converter (version 2006.09.02).]
\scratchcounter=\count109
\scratchdimen=\dimen134
\scratchbox=\box30
\nofMPsegments=\count110
\nofMParguments=\count111
\everyMPshowfont=\toks23
\MPscratchCnt=\count112
\MPscratchDim=\dimen135
\MPnumerator=\count113
\everyMPtoPDFconversion=\toks24
)
Package hyperref Info: Link coloring ON on input line 64.
 (/usr/share/texmf-texlive/tex/latex/hyperref/nameref.sty
Package: nameref 2007/05/29 v2.31 Cross-referencing by name of section

(/usr/share/texmf-texlive/tex/latex/oberdiek/refcount.sty
Package: refcount 2008/08/11 v3.1 Data extraction from references (HO)
)
\c@section@level=\count114
)
LaTeX Info: Redefining \ref on input line 64.
LaTeX Info: Redefining \pageref on input line 64.

(./projektfuehrung.out) (./projektfuehrung.out)
\@outlinefile=\write3
\openout3 = `projektfuehrung.out'.

\AtBeginShipoutBox=\box31
\c@lstlisting=\count115
LaTeX Font Info:    Font shape `T1/ua1/bx/n' in size <10> not available
(Font)              Font shape `T1/ua1/b/n' tried instead on input line 66.
LaTeX Font Info:    Font shape `T1/ua1/b/n' will be
(Font)              scaled to size 9.49997pt on input line 66.
LaTeX Font Info:    Font shape `T1/ua1/bx/n' in size <20.74> not available
(Font)              Font shape `T1/ua1/b/n' tried instead on input line 66.
LaTeX Font Info:    Font shape `T1/ua1/b/n' will be
(Font)              scaled to size 19.70294pt on input line 66.
LaTeX Font Info:    Font shape `T1/ua1/m/n' will be
(Font)              scaled to size 13.67995pt on input line 66.
LaTeX Font Info:    External font `cmex10' loaded for size
(Font)              <14.4> on input line 66.
LaTeX Font Info:    External font `cmex10' loaded for size
(Font)              <7> on input line 66.
 [1


{/home/niklaus/.texmf-var/fonts/map/pdftex/updmap/pdftex.map}]
Overfull \hbox (9.99756pt too wide) in paragraph at lines 74--80
[][] 
 []


Underfull \hbox (badness 10000) in paragraph at lines 74--80

 []


Underfull \hbox (badness 10000) in paragraph at lines 74--80

 []


Underfull \hbox (badness 10000) in paragraph at lines 74--80

 []


Overfull \hbox (9.99756pt too wide) in paragraph at lines 86--92
[][] 
 []


Underfull \hbox (badness 10000) in paragraph at lines 86--92

 []


Underfull \hbox (badness 10000) in paragraph at lines 86--92

 []


Underfull \hbox (badness 10000) in paragraph at lines 86--92

 []

(./projektfuehrung.bbl
Overfull \hbox (9.99756pt too wide) in paragraph at lines 98--1
[][] 
 []


Underfull \hbox (badness 10000) in paragraph at lines 98--1

 []


Underfull \hbox (badness 10000) in paragraph at lines 98--1

 []


Underfull \hbox (badness 10000) in paragraph at lines 98--1

 []

LaTeX Font Info:    Font shape `T1/ua1/bx/n' in size <14.4> not available
(Font)              Font shape `T1/ua1/b/n' tried instead on input line 1.
LaTeX Font Info:    Font shape `T1/ua1/b/n' will be
(Font)              scaled to size 13.67995pt on input line 1.
) <header.png, id=162, 191.21437pt x 27.01pt>
File: header.png Graphic file (type png)
 <use header.png>

Package Fancyhdr Warning: \headheight is too small (15.0pt): 
 Make it at least 19.80615pt.
 We now make it that large for the rest of the document.
 This may cause the page layout to be inconsistent, however.

[2 <./header.png (PNG copy)>] (./projektfuehrung.toc
Class scrartcl Info: You've told me to use the font selection of the element
(scrartcl)           `sectioning' that is an alias of element `disposition'
(scrartcl)            on input line 1.
Class scrartcl Info: You've told me to use the font selection of the element
(scrartcl)           `sectioning' that is an alias of element `disposition'
(scrartcl)            on input line 2.
Class scrartcl Info: You've told me to use the font selection of the element
(scrartcl)           `sectioning' that is an alias of element `disposition'
(scrartcl)            on input line 3.
Class scrartcl Info: You've told me to use the font selection of the element
(scrartcl)           `sectioning' that is an alias of element `disposition'
(scrartcl)            on input line 15.
Class scrartcl Info: You've told me to use the font selection of the element
(scrartcl)           `sectioning' that is an alias of element `disposition'
(scrartcl)            on input line 16.
Class scrartcl Info: You've told me to use the font selection of the element
(scrartcl)           `sectioning' that is an alias of element `disposition'
(scrartcl)            on input line 34.
Class scrartcl Info: You've told me to use the font selection of the element
(scrartcl)           `sectioning' that is an alias of element `disposition'
(scrartcl)            on input line 38.
)
\tf@toc=\write4
\openout4 = `projektfuehrung.toc'.

File: header.png Graphic file (type png)
 <use header.png> [3]
LaTeX Font Info:    Try loading font information for OMS+ua1 on input line 111.

LaTeX Font Info:    No file OMSua1.fd. on input line 111.


LaTeX Font Warning: Font shape `OMS/ua1/m/n' undefined
(Font)              using `OMS/cmsy/m/n' instead
(Font)              for symbol `textbullet' on input line 111.

File: header.png Graphic file (type png)
<use header.png> [4]
Overfull \hbox (222.27972pt too wide) in alignment at lines 146--146
[][][][][][][][][][][][][][][][][][][][][][][][] 
 []

File: header.png Graphic file (type png)
<use header.png> [5

]
LaTeX Font Info:    Font shape `T1/ua1/bx/n' in size <12> not available
(Font)              Font shape `T1/ua1/b/n' tried instead on input line 150.
LaTeX Font Info:    Font shape `T1/ua1/b/n' will be
(Font)              scaled to size 11.39996pt on input line 150.
File: header.png Graphic file (type png)
 <use header.png> [6

]
File: header.png Graphic file (type png)
 <use header.png> [7]
Overfull \hbox (0.65509pt too wide) in paragraph at lines 349--349
[]|\T1/ua1/b/n/10 Status| 
 []


Underfull \hbox (badness 1365) in paragraph at lines 349--349
[]|\T1/ua1/m/n/10 Die aus-gewählten Tech-nolo-
 []


Underfull \hbox (badness 2111) in paragraph at lines 349--349
\T1/ua1/m/n/10 gien sind für die Pro-gram-
 []


Underfull \hbox (badness 10000) in paragraph at lines 349--349
\T1/ua1/m/n/10 geeignet, da Funk-tio-nen
 []


Underfull \hbox (badness 10000) in paragraph at lines 349--349
\T1/ua1/m/n/10 fehlen oder aufwendig zu
 []


Underfull \hbox (badness 3439) in paragraph at lines 349--349
\T1/ua1/m/n/10 mas-siv aufwendi-ger. Ver-
 []


Underfull \hbox (badness 1571) in paragraph at lines 349--349
\T1/ua1/m/n/10 geschlossen wer-den. Evtl.
 []


Underfull \hbox (badness 3407) in paragraph at lines 349--349
\T1/ua1/m/n/10 p-lika-tion mit einer an-deren
 []


Underfull \hbox (badness 1735) in paragraph at lines 349--349
\T1/ua1/m/n/10 Tech-nolo-gie neu geschriben
 []


Underfull \hbox (badness 2197) in paragraph at lines 349--349
\T1/ua1/m/n/10 den Tech-nolo-gien anstellen.
 []


Overfull \hbox (2.71657pt too wide) in paragraph at lines 349--349
[]|\T1/ua1/m/n/10 erledigt| 
 []


Underfull \hbox (badness 4967) in paragraph at lines 349--349
[]|\T1/ua1/m/n/10 Die Ap-p-lika-tion kann nicht
 []


Underfull \hbox (badness 2401) in paragraph at lines 349--349
\T1/ua1/m/n/10 rechtzeigit fer-tiggestellt wer-
 []


Underfull \hbox (badness 3547) in paragraph at lines 349--349
\T1/ua1/m/n/10 Mit-glieder des Teams aus-
 []


Underfull \hbox (badness 10000) in paragraph at lines 349--349
[]|\T1/ua1/m/n/10 Das Pro-jekt kann nicht
 []


Underfull \hbox (badness 10000) in paragraph at lines 349--349
\T1/ua1/m/n/10 rechtzeitig fer-tiggestellt
 []


Underfull \hbox (badness 2689) in paragraph at lines 349--349
\T1/ua1/m/n/10 wer-den. Die Qual-ität der
 []


Overfull \hbox (2.71657pt too wide) in paragraph at lines 349--349
[]|\T1/ua1/m/n/10 erledigt| 
 []


Underfull \hbox (badness 3168) in paragraph at lines 349--349
[]|\T1/ua1/m/n/10 Die Kom-pat-i-bil-ität mit allen
 []


Underfull \hbox (badness 10000) in paragraph at lines 349--349
\T1/ua1/m/n/10 gewährleis-tet wer-den, da
 []


Underfull \hbox (badness 4217) in paragraph at lines 349--349
\T1/ua1/m/n/10 manche fea-tures auf einer
 []


Underfull \hbox (badness 4144) in paragraph at lines 349--349
\T1/ua1/m/n/10 im-plem-n-tieren sind als auf
 []


Underfull \hbox (badness 3895) in paragraph at lines 349--349
\T1/ua1/m/n/10 allen Sys-te-men gle-ich sta-
 []


Underfull \hbox (badness 6608) in paragraph at lines 349--349
\T1/ua1/m/n/10 bil. Möglicher-weise sind
 []


Underfull \hbox (badness 1178) in paragraph at lines 349--349
\T1/ua1/m/n/10 bar. Zeitaufwendige Im-ple-
 []


Underfull \hbox (badness 5077) in paragraph at lines 349--349
\T1/ua1/m/n/10 men-tierung für ver-schi-dene
 []


Underfull \hbox (badness 10000) in paragraph at lines 349--349
[]|\T1/ua1/m/n/10 Verwendung einer Sys-te-
 []


Underfull \hbox (badness 10000) in paragraph at lines 349--349
\T1/ua1/m/n/10 mu-nab-hängi-gen Sprache
 []


Underfull \hbox (badness 1033) in paragraph at lines 349--349
\T1/ua1/m/n/10 Falle kön-nten wir auch den
 []


Underfull \hbox (badness 5667) in paragraph at lines 349--349
\T1/ua1/m/n/10 Sup-port für eine Plat-tform
 []


Overfull \hbox (2.71657pt too wide) in paragraph at lines 349--349
[]|\T1/ua1/m/n/10 erledigt| 
 []


Underfull \hbox (badness 2150) in paragraph at lines 349--349
[]|\T1/ua1/m/n/10 Die Ap-p-lika-tion genügt den
 []


Underfull \hbox (badness 10000) in paragraph at lines 349--349
[]|\T1/ua1/m/n/10 Die Ap-p-lika-tion funk-tion-iert
 []


Overfull \hbox (2.71657pt too wide) in paragraph at lines 349--349
[]|\T1/ua1/m/n/10 erledigt| 
 []

File: header.png Graphic file (type png)
<use header.png> [8]
File: header.png Graphic file (type png)
 <use header.png> [9]
Underfull \hbox (badness 4156) in paragraph at lines 376--376
[]|\T1/ua1/b/n/10 besondere QS-Massnahmen
 []


Underfull \hbox (badness 6188) in paragraph at lines 376--376
[]|\T1/ua1/m/n/10 Die Ap-p-lika-tion soll die im
 []


Underfull \hbox (badness 10000) in paragraph at lines 376--376
[]|\T1/ua1/m/n/10 Die Ap-p-lika-tion soll zügig
 []


Underfull \hbox (badness 10000) in paragraph at lines 376--376
\T1/ua1/m/n/10 reagieren, die Be-nutzung
 []


Underfull \hbox (badness 2875) in paragraph at lines 376--376
\T1/ua1/m/n/10 soll sich durchge-hen schnell
 []


Underfull \hbox (badness 10000) in paragraph at lines 376--376
[]|\T1/ua1/m/n/10 Die Ap-p-lika-tion soll auch
 []


Underfull \hbox (badness 5681) in paragraph at lines 376--376
\T1/ua1/m/n/10 bei falschen Eingaben oder
 []


Underfull \hbox (badness 10000) in paragraph at lines 376--376
\T1/ua1/m/n/10 schnellen Eingabe-Abfolgen
 []


Underfull \hbox (badness 3646) in paragraph at lines 376--376
\T1/ua1/m/n/10 zu-ver-läs-sig funk-tion-ieren und
 []


Underfull \hbox (badness 10000) in paragraph at lines 376--376
[]|\T1/ua1/m/n/10 Die Tests se-hen auch
 []


Underfull \hbox (badness 10000) in paragraph at lines 376--376
\T1/ua1/m/n/10 ungewöhn-liche Szenar-ien
 []


Underfull \hbox (badness 1168) in paragraph at lines 376--376
\T1/ua1/m/n/10 vor, die die Ap-p-lika-tion stark
 []


Underfull \hbox (badness 10000) in paragraph at lines 376--376
[]|\T1/ua1/m/n/10 Die Ober-fläche des Pro-
 []


Underfull \hbox (badness 10000) in paragraph at lines 376--376
\T1/ua1/m/n/10 grammes soll in-tu-itiv sein.
 []


Underfull \hbox (badness 2111) in paragraph at lines 376--376
\T1/ua1/m/n/10 Wo das nicht di-rekt möglich
 []


Underfull \hbox (badness 2753) in paragraph at lines 376--376
\T1/ua1/m/n/10 ist, soll sich die Ap-p-lika-tion
 []


Underfull \hbox (badness 10000) in paragraph at lines 376--376
\T1/ua1/m/n/10 an gewohnte Bedienungs-
 []


Underfull \hbox (badness 3302) in paragraph at lines 376--376
\T1/ua1/m/n/10 deutig bennt. Zu-dem sind
 []


Underfull \hbox (badness 4242) in paragraph at lines 376--376
\T1/ua1/m/n/10 die Funk-tio-nen fehler-toller-ant
 []


Underfull \hbox (badness 1259) in paragraph at lines 376--376
\T1/ua1/m/n/10 doku-men-tiert. Ablaeufe sind
 []


Underfull \hbox (badness 1502) in paragraph at lines 376--376
\T1/ua1/m/n/10 di-rekt im Code doku-men-tiert,
 []


Underfull \hbox (badness 1776) in paragraph at lines 376--376
\T1/ua1/m/n/10 ten (z.B. das Back-end) kön-
 []


Underfull \hbox (badness 1577) in paragraph at lines 376--376
[]|\T1/ua1/m/n/10 Die En-twick-ler sprechen sich
 []


Underfull \hbox (badness 2884) in paragraph at lines 376--376
\T1/ua1/m/n/10 eine an-deren Mit-gliedes des
 []


Underfull \hbox (badness 1092) in paragraph at lines 376--376
\T1/ua1/m/n/10 Teams auf, so kön-nen diese
 []


Underfull \hbox (badness 3657) in paragraph at lines 376--376
\T1/ua1/m/n/10 wer-den pünk-tlich ein-gere-icht.
 []


Underfull \hbox (badness 2359) in paragraph at lines 376--376
\T1/ua1/m/n/10 Mails die zwis-chen den En-
 []


Overfull \vbox (2.59056pt too high) has occurred while \output is active []

File: header.png Graphic file (type png)

<use header.png> [10]
Underfull \hbox (badness 6094) in paragraph at lines 389--389
[]|\T1/ua1/m/n/10 Alle Punkte be-han-
 []


Underfull \hbox (badness 3323) in paragraph at lines 389--389
\T1/ua1/m/n/10 delt (nach Vor-lage),
 []


Underfull \hbox (badness 6094) in paragraph at lines 389--389
[]|\T1/ua1/m/n/10 Alle Punkte be-han-
 []


Underfull \hbox (badness 3323) in paragraph at lines 389--389
\T1/ua1/m/n/10 delt (nach Vor-lage),
 []


Underfull \hbox (badness 10000) in paragraph at lines 389--389
\T1/ua1/m/n/10 Rechtschrei-bung,
 []


Underfull \hbox (badness 6094) in paragraph at lines 389--389
[]|\T1/ua1/m/n/10 Alle Punkte be-han-
 []


Underfull \hbox (badness 3323) in paragraph at lines 389--389
\T1/ua1/m/n/10 delt (nach Vor-lage),
 []


Underfull \hbox (badness 10000) in paragraph at lines 389--389
\T1/ua1/m/n/10 Rechtschrei-bung,
 []


Underfull \hbox (badness 10000) in paragraph at lines 389--389
\T1/ua1/m/n/10 Di-a-gramme vorhan-
 []


Underfull \hbox (badness 10000) in paragraph at lines 389--389
\T1/ua1/m/n/10 den, Auswer-tun-gen
 []


Underfull \hbox (badness 6094) in paragraph at lines 389--389
[]|\T1/ua1/m/n/10 Alle Punkte be-han-
 []


Underfull \hbox (badness 3323) in paragraph at lines 389--389
\T1/ua1/m/n/10 delt (nach Vor-lage),
 []


Underfull \hbox (badness 10000) in paragraph at lines 389--389
\T1/ua1/m/n/10 Rechtschrei-bung,
 []


Underfull \hbox (badness 10000) in paragraph at lines 389--389
\T1/ua1/m/n/10 Di-a-gramme vorhan-
 []


Underfull \hbox (badness 10000) in paragraph at lines 389--389
\T1/ua1/m/n/10 den, An-wen-dungs-
 []


Underfull \hbox (badness 10000) in paragraph at lines 389--389
\T1/ua1/m/n/10 fälle beschrieben,
 []


Underfull \hbox (badness 10000) in paragraph at lines 389--389
\T1/ua1/m/n/10 Klassendi-a-gram
 []


Underfull \hbox (badness 10000) in paragraph at lines 389--389
\T1/ua1/m/n/10 vorhan-den, DB-
 []


Underfull \hbox (badness 2384) in paragraph at lines 389--389
[]|\T1/ua1/m/n/10 siehe [[], 4. Sys-
 []


Underfull \hbox (badness 6094) in paragraph at lines 389--389
[]|\T1/ua1/m/n/10 Alle Punkte be-han-
 []


Underfull \hbox (badness 3323) in paragraph at lines 389--389
\T1/ua1/m/n/10 delt (nach Vor-lage),
 []


Underfull \hbox (badness 10000) in paragraph at lines 389--389
\T1/ua1/m/n/10 Rechtschrei-bung,
 []


Underfull \hbox (badness 10000) in paragraph at lines 389--389
\T1/ua1/m/n/10 Klassendi-a-gram ak-
 []


Underfull \hbox (badness 10000) in paragraph at lines 389--389
\T1/ua1/m/n/10 tuell, DB-Schema
 []


Underfull \hbox (badness 10000) in paragraph at lines 389--389
\T1/ua1/m/n/10 ak-tuell, Be-nutzer-
 []


Underfull \hbox (badness 10000) in paragraph at lines 389--389
\T1/ua1/m/n/10 Sup-port-hand-buch
 []


Underfull \hbox (badness 10000) in paragraph at lines 389--389
\T1/ua1/m/n/10 vorhan-den, Tests
 []


Underfull \hbox (badness 10000) in paragraph at lines 389--389
\T1/ua1/m/n/10 er-läutert, Code im
 []


Underfull \hbox (badness 6094) in paragraph at lines 389--389
[]|\T1/ua1/m/n/10 Alle Punkte be-han-
 []


Underfull \hbox (badness 3323) in paragraph at lines 389--389
\T1/ua1/m/n/10 delt (nach Vor-lage),
 []


Underfull \hbox (badness 6094) in paragraph at lines 389--389
[]|\T1/ua1/m/n/10 Alle Punkte be-han-
 []


Underfull \hbox (badness 3323) in paragraph at lines 389--389
\T1/ua1/m/n/10 delt (nach Vor-lage),
 []

File: header.png Graphic file (type png)
<use header.png> [11]
Overfull \hbox (33.7494pt too wide) in paragraph at lines 462--465
[]  
 []

File: header.png Graphic file (type png)
<use header.png> [12]
Underfull \hbox (badness 10000) in paragraph at lines 467--467
[]\T1/ua1/m/n/10 Anwender fügt einer
 []


Underfull \hbox (badness 3312) in paragraph at lines 467--467
\T1/ua1/m/n/10 die Datei .bashrc an
 []


Underfull \hbox (badness 3260) in paragraph at lines 467--467
[]\T1/ua1/m/n/10 Nach einem Neustart
 []


Underfull \hbox (badness 2197) in paragraph at lines 467--467
\T1/ua1/m/n/10 des Pro-grammes und
 []


Underfull \hbox (badness 5316) in paragraph at lines 467--467
\T1/ua1/m/n/10 dem erneuten Se-lek-
 []


Underfull \hbox (badness 3019) in paragraph at lines 467--467
\T1/ua1/m/n/10 tieren der Datei wird
 []


Underfull \hbox (badness 1009) in paragraph at lines 467--467
\T1/ua1/m/n/10 das Tag in der Tags-
 []


Underfull \hbox (badness 10000) in paragraph at lines 468--468
[]\T1/ua1/m/n/10 Fenster mit Menu,
 []


Underfull \hbox (badness 10000) in paragraph at lines 468--468
\T1/ua1/m/n/10 But-tons und
 []


Underfull \hbox (badness 10000) in paragraph at lines 468--468
\T1/ua1/m/n/10 Eingabefeldern er-
 []


Underfull \hbox (badness 10000) in paragraph at lines 469--469
[]\T1/ua1/m/n/10 Eine be-liebige Datei
 []


Underfull \hbox (badness 10000) in paragraph at lines 469--469
\T1/ua1/m/n/10 wird se-lek-tiert, der
 []


Underfull \hbox (badness 2229) in paragraph at lines 469--469
\T1/ua1/m/n/10 Name des Tags wird
 []


Underfull \hbox (badness 10000) in paragraph at lines 469--469
\T1/ua1/m/n/10 in der Tags-Liste
 []


Underfull \hbox (badness 10000) in paragraph at lines 469--469
\T1/ua1/m/n/10 'spe-ich-ern' fest-ge-hal-
 []


Underfull \hbox (badness 10000) in paragraph at lines 469--469
\T1/ua1/m/n/10 Tag einer weit-eren
 []


Underfull \hbox (badness 10000) in paragraph at lines 469--469
[]\T1/ua1/m/n/10 Nach dem er-sten
 []


Underfull \hbox (badness 10000) in paragraph at lines 469--469
\T1/ua1/m/n/10 Spe-ich-ern, er-scheint
 []


Underfull \hbox (badness 1990) in paragraph at lines 469--469
\T1/ua1/m/n/10 das Tag in der Liste
 []


Underfull \hbox (badness 4279) in paragraph at lines 469--469
\T1/ua1/m/n/10 aller Tags un-ten auf
 []


Underfull \hbox (badness 7291) in paragraph at lines 469--469
\T1/ua1/m/n/10 Pro-grammes. Wird
 []


Underfull \hbox (badness 10000) in paragraph at lines 470--470
[]\T1/ua1/m/n/10 Benutzung auf nicht
 []


Underfull \hbox (badness 2119) in paragraph at lines 470--470
[]\T1/ua1/m/n/10 Command Prompt er-
 []


Underfull \hbox (badness 10000) in paragraph at lines 472--472
[]\T1/ua1/m/n/10 Ein Verze-ich-nis das
 []


Underfull \hbox (badness 6300) in paragraph at lines 472--472
\T1/ua1/m/n/10 eine Datei mit Son-
 []


Underfull \hbox (badness 1147) in paragraph at lines 472--472
\T1/ua1/m/n/10 derze-ichen im Na-men
 []


Underfull \hbox (badness 10000) in paragraph at lines 472--472
\T1/ua1/m/n/10 en-thält wird geöffnet
 []


Underfull \hbox (badness 3646) in paragraph at lines 472--472
[]\T1/ua1/m/n/10 Die Datei  /''.txt hat
 []


Underfull \hbox (badness 1867) in paragraph at lines 472--472
[]\T1/ua1/m/n/10 Die Datei  /''.txt wird
 []


Underfull \hbox (badness 2435) in paragraph at lines 472--472
\T1/ua1/m/n/10 Lage das Verze-ich-nis
 []


Underfull \hbox (badness 2486) in paragraph at lines 472--472
\T1/ua1/m/n/10 er-fol-grech zugewiesen
 []


Underfull \hbox (badness 1112) in paragraph at lines 473--473
[]\T1/ua1/m/n/10 Der User ak-tiviert die
 []


Underfull \hbox (badness 10000) in paragraph at lines 473--473
\T1/ua1/m/n/10 Ver-sion-ierung eines
 []


Underfull \hbox (badness 3199) in paragraph at lines 473--473
\T1/ua1/m/n/10 Verän-derung und/oder
 []


Underfull \hbox (badness 5345) in paragraph at lines 473--473
\T1/ua1/m/n/10 nach einer Zeitlichen
 []


Underfull \hbox (badness 10000) in paragraph at lines 474--474
[]\T1/ua1/m/n/10 Der Nutzer wech-selt
 []


Underfull \hbox (badness 1377) in paragraph at lines 474--474
\T1/ua1/m/n/10 durch einen Klick auf
 []


Underfull \hbox (badness 1178) in paragraph at lines 474--474
\T1/ua1/m/n/10 den But-ton Tag (links
 []


Underfull \hbox (badness 1635) in paragraph at lines 474--474
\T1/ua1/m/n/10 wech-selt er über das
 []


Underfull \hbox (badness 5817) in paragraph at lines 474--474
\T1/ua1/m/n/10 Ansichts-Menü wieder
 []


Underfull \hbox (badness 2158) in paragraph at lines 474--474
\T1/ua1/m/n/10 zurück zur hi-er-ar-chis-
 []


Underfull \hbox (badness 5175) in paragraph at lines 474--474
[]\T1/ua1/m/n/10 Nach dem Klick auf
 []


Underfull \hbox (badness 1028) in paragraph at lines 474--474
\T1/ua1/m/n/10 Tag-Ansicht. Bei der
 []


Underfull \hbox (badness 3189) in paragraph at lines 474--474
\T1/ua1/m/n/10 über das Menü aus-
 []


Underfull \hbox (badness 2158) in paragraph at lines 474--474
\T1/ua1/m/n/10 zurück zur hi-er-ar-chis-
 []


Underfull \hbox (badness 10000) in paragraph at lines 475--475
[]\T1/ua1/m/n/10 Nach verän-derung
 []


Underfull \hbox (badness 6461) in paragraph at lines 475--475
\T1/ua1/m/n/10 einer Datei soll von
 []


Underfull \hbox (badness 10000) in paragraph at lines 475--475
\T1/ua1/m/n/10 dieser ein Backup
 []


Underfull \hbox (badness 10000) in paragraph at lines 475--475
\T1/ua1/m/n/10 Filesys-tem und der
 []


Underfull \hbox (badness 10000) in paragraph at lines 475--475
\T1/ua1/m/n/10 FileSys-tem-Lis-tener
 []


Underfull \hbox (badness 2142) in paragraph at lines 475--475
\T1/ua1/m/n/10 sendet ein Än-derung-
 []


Underfull \hbox (badness 2302) in paragraph at lines 476--476
[]\T1/ua1/m/n/10 Der User löscht eine
 []


Underfull \hbox (badness 2302) in paragraph at lines 476--476
[]\T1/ua1/m/n/10 Der User löscht eine
 []


Underfull \hbox (badness 1102) in paragraph at lines 476--476
\T1/ua1/m/n/10 und sendet ein Event
 []


Underfull \hbox (badness 1297) in paragraph at lines 477--477
\T1/ua1/m/n/10 überwacht das Verze-
 []


Underfull \hbox (badness 10000) in paragraph at lines 477--477
[]\T1/ua1/m/n/10 Der FileSys-tem-Lis-
 []


Underfull \hbox (badness 1888) in paragraph at lines 477--477
\T1/ua1/m/n/10 Datei und sendet ein
 []


Overfull \hbox (10.56952pt too wide) in paragraph at lines 465--477
[]  
 []

File: header.png Graphic file (type png)
<use header.png> [13]
Underfull \hbox (badness 1867) in paragraph at lines 478--478
[]\T1/ua1/m/n/10 Der User möchte ein
 []


Overfull \hbox (3.16907pt too wide) in paragraph at lines 477--480
[]  
 []

File: header.png Graphic file (type png)
<use header.png> [14] (./projektfuehrung.aux)

LaTeX Font Warning: Some font shapes were not available, defaults substituted.

 ) 
Here is how much of TeX's memory you used:
 8235 strings out of 495061
 117369 string characters out of 1182622
 269917 words of memory out of 3000000
 11223 multiletter control sequences out of 15000+50000
 48200 words of font info for 32 fonts, out of 3000000 for 9000
 28 hyphenation exceptions out of 8191
 43i,16n,43p,720b,425s stack positions out of 5000i,500n,10000p,200000b,50000s
{/usr/share/texmf-texlive/fonts/enc/dvips/base/8r.enc}</usr/share/texmf-texli
ve/fonts/type1/public/amsfonts/cm/cmsy10.pfb></home/niklaus/texmf/fonts/type1/u
rw/arial/ua1b8a.pfb></home/niklaus/texmf/fonts/type1/urw/arial/ua1r8a.pfb>
Output written on projektfuehrung.pdf (14 pages, 93684 bytes).
PDF statistics:
 297 PDF objects out of 1000 (max. 8388607)
 57 named destinations out of 1000 (max. 500000)
 310 words of extra memory for PDF output out of 10000 (max. 10000000)

