\BOOKMARK [1][-]{section.1}{Zweck des Dokuemnts}{}
\BOOKMARK [1][-]{section.2}{Projektplan}{}
\BOOKMARK [1][-]{section.3}{Projektbericht}{}
\BOOKMARK [2][-]{subsection.3.1}{KW 7}{section.3}
\BOOKMARK [2][-]{subsection.3.2}{KW 8}{section.3}
\BOOKMARK [2][-]{subsection.3.3}{KW 9}{section.3}
\BOOKMARK [2][-]{subsection.3.4}{KW 10}{section.3}
\BOOKMARK [2][-]{subsection.3.5}{KW 11}{section.3}
\BOOKMARK [2][-]{subsection.3.6}{KW 12}{section.3}
\BOOKMARK [2][-]{subsection.3.7}{KW 13}{section.3}
\BOOKMARK [2][-]{subsection.3.8}{KW 17}{section.3}
\BOOKMARK [2][-]{subsection.3.9}{KW 18}{section.3}
\BOOKMARK [2][-]{subsection.3.10}{KW 20}{section.3}
\BOOKMARK [2][-]{subsection.3.11}{KW 21}{section.3}
\BOOKMARK [1][-]{section.4}{Risikokatalog}{}
\BOOKMARK [1][-]{section.5}{QS-Plan}{}
\BOOKMARK [2][-]{subsection.5.1}{Vorgehen zur Qualit\344tssicherung}{section.5}
\BOOKMARK [2][-]{subsection.5.2}{Qualit\344tsziele}{section.5}
\BOOKMARK [2][-]{subsection.5.3}{Pr\374fplan}{section.5}
\BOOKMARK [2][-]{subsection.5.4}{Pf\374fmethoden}{section.5}
\BOOKMARK [3][-]{subsubsection.5.4.1}{Review}{subsection.5.4}
\BOOKMARK [3][-]{subsubsection.5.4.2}{Applikations-Tests}{subsection.5.4}
\BOOKMARK [2][-]{subsection.5.5}{Pr\374fspezifikationen}{section.5}
\BOOKMARK [3][-]{subsubsection.5.5.1}{Checklisten f\374r die Pr\374fung der Projektdokumente}{subsection.5.5}
\BOOKMARK [4][-]{paragraph.5.5.1.1}{Projektantrag}{subsubsection.5.5.1}
\BOOKMARK [4][-]{paragraph.5.5.1.2}{Projektplan}{subsubsection.5.5.1}
\BOOKMARK [4][-]{paragraph.5.5.1.3}{Voranalysebericht}{subsubsection.5.5.1}
\BOOKMARK [4][-]{paragraph.5.5.1.4}{Konzeptbericht}{subsubsection.5.5.1}
\BOOKMARK [4][-]{paragraph.5.5.1.5}{Programm}{subsubsection.5.5.1}
\BOOKMARK [4][-]{paragraph.5.5.1.6}{Realisierungsbericht}{subsubsection.5.5.1}
\BOOKMARK [4][-]{paragraph.5.5.1.7}{Einf\374hrungsbericht}{subsubsection.5.5.1}
\BOOKMARK [4][-]{paragraph.5.5.1.8}{Projektf\374hrung}{subsubsection.5.5.1}
\BOOKMARK [3][-]{subsubsection.5.5.2}{Testfalltabellen}{subsection.5.5}
\BOOKMARK [1][-]{section.6}{Konfigurationsmanagementplan \(KM-Plan\)}{}
\BOOKMARK [2][-]{subsection.6.1}{Aufzubewahrende Projektergebnisse und ggf. sonstige Dokumente}{section.6}
\BOOKMARK [2][-]{subsection.6.2}{Ablagestruktur}{section.6}
\BOOKMARK [3][-]{subsubsection.6.2.1}{documentation}{subsection.6.2}
\BOOKMARK [3][-]{subsubsection.6.2.2}{Code}{subsection.6.2}
\BOOKMARK [2][-]{subsection.6.3}{Namenskonventionen}{section.6}
\BOOKMARK [1][-]{section.7}{Konfigurationsidentifikation}{}
\BOOKMARK [2][-]{subsection.7.1}{Dokumentation}{section.7}
\BOOKMARK [2][-]{subsection.7.2}{Applikation \(sourcecode\)}{section.7}
