\BOOKMARK [1][-]{section.1}{Zweck des Dokuments}{}
\BOOKMARK [1][-]{section.2}{Gesch\344ftsprozesse}{}
\BOOKMARK [1][-]{section.3}{Systemanforderungen}{}
\BOOKMARK [2][-]{subsection.3.1}{Anforderungen an die Funktionalit\344t}{section.3}
\BOOKMARK [3][-]{subsubsection.3.1.1}{Funktionen}{subsection.3.1}
\BOOKMARK [3][-]{subsubsection.3.1.2}{Usecases}{subsection.3.1}
\BOOKMARK [2][-]{subsection.3.2}{Bemerkungen}{section.3}
\BOOKMARK [2][-]{subsection.3.3}{Anforderungen an die Daten}{section.3}
\BOOKMARK [2][-]{subsection.3.4}{Anforderungen an die Informationssicherheit und den Datenschutz}{section.3}
\BOOKMARK [1][-]{section.4}{Benutzerschnittstelle}{}
\BOOKMARK [2][-]{subsection.4.1}{Hierarchische Ansicht}{section.4}
\BOOKMARK [2][-]{subsection.4.2}{Tag-Ansicht}{section.4}
\BOOKMARK [2][-]{subsection.4.3}{Tags mit Datei verkn\374pfen}{section.4}
\BOOKMARK [2][-]{subsection.4.4}{Tags einer Datei \344ndern}{section.4}
\BOOKMARK [1][-]{section.5}{Systemarchitektur}{}
\BOOKMARK [2][-]{subsection.5.1}{Gliederung der L\366sung in Module}{section.5}
\BOOKMARK [2][-]{subsection.5.2}{Schnittstellen}{section.5}
\BOOKMARK [1][-]{section.6}{Datenmodell \(grob\)}{}
\BOOKMARK [1][-]{section.7}{Anforderungszuordnung}{}
\BOOKMARK [1][-]{section.8}{Mittelbedarf}{}
\BOOKMARK [1][-]{section.9}{Planung und Organisation}{}
\BOOKMARK [1][-]{section.10}{Wirtschaftlichkeit}{}
\BOOKMARK [1][-]{section.11}{Konsequenzen}{}
\BOOKMARK [1][-]{section.12}{Antrag auf Freigabe der n\344chsten Projektphase}{}
