\BOOKMARK [1][-]{section.1}{Zweck des Dokuments}{}
\BOOKMARK [1][-]{section.2}{Ist-Aufnahme und Ist-Analyse}{}
\BOOKMARK [2][-]{subsection.2.1}{Beschreibung des Ist-Zustands \(Ist-Analyse\)}{section.2}
\BOOKMARK [2][-]{subsection.2.2}{Schwachstellenanalyse}{section.2}
\BOOKMARK [2][-]{subsection.2.3}{Sicherheit}{section.2}
\BOOKMARK [2][-]{subsection.2.4}{Zuk\374nftige Entwicklung}{section.2}
\BOOKMARK [1][-]{section.3}{Systemziele}{}
\BOOKMARK [1][-]{section.4}{Fachlicher Soll-Zustand}{}
\BOOKMARK [2][-]{subsection.4.1}{Hauptaufgaben der neuen L\366sung}{section.4}
\BOOKMARK [2][-]{subsection.4.2}{\334bersicht \374ber die erforderlichen Informationen / Daten}{section.4}
\BOOKMARK [2][-]{subsection.4.3}{Anforderungen bez\374glich Informationssicherheit und Datenschutz}{section.4}
\BOOKMARK [1][-]{section.5}{L\366sungsvarianten}{}
\BOOKMARK [2][-]{subsection.5.1}{Zu verwendende Programmiersprache}{section.5}
\BOOKMARK [3][-]{subsubsection.5.1.1}{L\366sungsvariante 1: Java}{subsection.5.1}
\BOOKMARK [4][-]{paragraph.5.1.1.1}{Beschreibung der L\366sungsvariante}{subsubsection.5.1.1}
\BOOKMARK [4][-]{paragraph.5.1.1.2}{Struktur \(Grobe Architektur\)}{subsubsection.5.1.1}
\BOOKMARK [4][-]{paragraph.5.1.1.3}{Externe und interne Schnittstellen}{subsubsection.5.1.1}
\BOOKMARK [4][-]{paragraph.5.1.1.4}{Abdeckung der Anforderungen}{subsubsection.5.1.1}
\BOOKMARK [4][-]{paragraph.5.1.1.5}{Realisierbarkeitsbetrachtung}{subsubsection.5.1.1}
\BOOKMARK [3][-]{subsubsection.5.1.2}{L\366sungsvariante 2: Python}{subsection.5.1}
\BOOKMARK [4][-]{paragraph.5.1.2.1}{Beschreibung der L\366sungsvariante}{subsubsection.5.1.2}
\BOOKMARK [4][-]{paragraph.5.1.2.2}{Struktur \(Grobe Architektur\)}{subsubsection.5.1.2}
\BOOKMARK [4][-]{paragraph.5.1.2.3}{Externe und interne Schnittstellen}{subsubsection.5.1.2}
\BOOKMARK [4][-]{paragraph.5.1.2.4}{Abdeckung der Anforderungen}{subsubsection.5.1.2}
\BOOKMARK [4][-]{paragraph.5.1.2.5}{Realisierbarkeitsbetrachtung}{subsubsection.5.1.2}
\BOOKMARK [2][-]{subsection.5.2}{Zu verwendende Ablage f\374r die Metadaten}{section.5}
\BOOKMARK [3][-]{subsubsection.5.2.1}{L\366sungsvariante 1: SQLite}{subsection.5.2}
\BOOKMARK [4][-]{paragraph.5.2.1.1}{Beschreibung der L\366sungsvariante}{subsubsection.5.2.1}
\BOOKMARK [4][-]{figure.2}{Struktur \(Grobe Architektur\)}{subsubsection.5.2.1}
\BOOKMARK [4][-]{paragraph.5.2.1.3}{Externe und interne Schnittstellen}{subsubsection.5.2.1}
\BOOKMARK [4][-]{paragraph.5.2.1.4}{Abdeckung der Anforderungen}{subsubsection.5.2.1}
\BOOKMARK [4][-]{paragraph.5.2.1.5}{Realisierbarkeitsbetrachtung}{subsubsection.5.2.1}
\BOOKMARK [3][-]{subsubsection.5.2.2}{L\366sungsvariante 2: XML}{subsection.5.2}
\BOOKMARK [4][-]{paragraph.5.2.2.1}{Beschreibung der L\366sungsvariante}{subsubsection.5.2.2}
\BOOKMARK [4][-]{figure.3}{Struktur \(Grobe Architektur\)}{subsubsection.5.2.2}
\BOOKMARK [4][-]{paragraph.5.2.2.3}{Externe und interne Schnittstellen}{subsubsection.5.2.2}
\BOOKMARK [4][-]{paragraph.5.2.2.4}{Abdeckung der Anforderungen}{subsubsection.5.2.2}
\BOOKMARK [4][-]{paragraph.5.2.2.5}{Realisierbarkeitsbetrachtung}{subsubsection.5.2.2}
\BOOKMARK [3][-]{subsubsection.5.2.3}{L\366sungsvariante 3: Metadaten des Dateisystems}{subsection.5.2}
\BOOKMARK [4][-]{paragraph.5.2.3.1}{Beschreibung der L\366sungsvariante}{subsubsection.5.2.3}
\BOOKMARK [4][-]{figure.4}{Struktur \(Grobe Architektur\)}{subsubsection.5.2.3}
\BOOKMARK [4][-]{paragraph.5.2.3.3}{Externe und interne Schnittstellen}{subsubsection.5.2.3}
\BOOKMARK [4][-]{paragraph.5.2.3.4}{Abdeckung der Anforderungen}{subsubsection.5.2.3}
\BOOKMARK [4][-]{paragraph.5.2.3.5}{Realisierbarkeitsbetrachtung}{subsubsection.5.2.3}
\BOOKMARK [1][-]{section.6}{Entscheid \374ber die L\366sungsvarianten}{}
\BOOKMARK [2][-]{subsection.6.1}{Entscheidung zur zu verwendenden Programmiersprache}{section.6}
\BOOKMARK [2][-]{subsection.6.2}{Entscheidung zur zu verwendenden Ablage f\374r die Metadaten}{section.6}
\BOOKMARK [1][-]{section.7}{Mittelbedarf}{}
\BOOKMARK [2][-]{subsection.7.1}{Sachmittel}{section.7}
\BOOKMARK [2][-]{subsection.7.2}{Personal}{section.7}
\BOOKMARK [2][-]{subsection.7.3}{Ausbildung}{section.7}
\BOOKMARK [2][-]{subsection.7.4}{Dienstleistungen}{section.7}
\BOOKMARK [1][-]{section.8}{Planung und Organisation}{}
\BOOKMARK [2][-]{subsection.8.1}{Projektorganisation}{section.8}
\BOOKMARK [2][-]{subsection.8.2}{Anwenderorganisation}{section.8}
\BOOKMARK [2][-]{subsection.8.3}{Termine}{section.8}
\BOOKMARK [2][-]{subsection.8.4}{Priorit\344ten}{section.8}
\BOOKMARK [1][-]{section.9}{Wirtschaftlichkeit}{}
\BOOKMARK [1][-]{section.10}{Konsequenzen}{}
\BOOKMARK [2][-]{subsection.10.1}{Auswirkungen \(organisatorisch, personell, baulich, Vorschriften/Weisungen\)}{section.10}
\BOOKMARK [2][-]{subsection.10.2}{bei Nichtrealisierung}{section.10}
\BOOKMARK [2][-]{subsection.10.3}{bei versp\344teter Realisierung \(gegen\374ber Wunschtermin\)}{section.10}
\BOOKMARK [2][-]{subsection.10.4}{auf Schnittstellen zu anderen Systemen}{section.10}
\BOOKMARK [2][-]{subsection.10.5}{Qualit\344tsverbesserungen}{section.10}
\BOOKMARK [2][-]{subsection.10.6}{Risikobeurteilung}{section.10}
\BOOKMARK [2][-]{subsection.10.7}{Ausweichm\366glichkeiten}{section.10}
\BOOKMARK [1][-]{section.11}{Antrag auf Freigabe der n\344chsten Projektphasen}{}
\BOOKMARK [2][-]{subsection.11.1}{bisherige Entscheide}{section.11}
\BOOKMARK [2][-]{subsection.11.2}{Formulierung des Antrags}{section.11}
