\BOOKMARK [1][-]{section.1}{Zweck des Dokuments}{}
\BOOKMARK [1][-]{section.2}{Einf\374hrungsplan}{}
\BOOKMARK [2][-]{subsection.2.1}{Vorgehen}{section.2}
\BOOKMARK [3][-]{subsubsection.2.1.1}{Allgemeine Bemerkungen}{subsection.2.1}
\BOOKMARK [3][-]{subsubsection.2.1.2}{Installation}{subsection.2.1}
\BOOKMARK [3][-]{subsubsection.2.1.3}{Migration}{subsection.2.1}
\BOOKMARK [3][-]{subsubsection.2.1.4}{Anpassung der Abl\344ufe}{subsection.2.1}
\BOOKMARK [3][-]{subsubsection.2.1.5}{Einf\374hrung der Nutzer}{subsection.2.1}
\BOOKMARK [2][-]{subsection.2.2}{Risiken}{section.2}
\BOOKMARK [2][-]{subsection.2.3}{Grober Zeitplan f\374r die Einf\374hrung}{section.2}
\BOOKMARK [1][-]{section.3}{Migrationsplan}{}
\BOOKMARK [2][-]{subsection.3.1}{Migrationsverfahren}{section.3}
\BOOKMARK [2][-]{subsection.3.2}{Zeitplan f\374r die Migration}{section.3}
\BOOKMARK [2][-]{subsection.3.3}{Organisation der Migration}{section.3}
\BOOKMARK [1][-]{section.4}{Ausbildungsplan}{}
\BOOKMARK [2][-]{subsection.4.1}{Ausbildungsbl\366cke}{section.4}
\BOOKMARK [2][-]{subsection.4.2}{Ausbildungszeitplan}{section.4}
\BOOKMARK [1][-]{section.5}{Akzeptanztest}{}
\BOOKMARK [2][-]{subsection.5.1}{Vorbereitung und Durchf\374hrung}{section.5}
\BOOKMARK [2][-]{subsection.5.2}{Abnahmeprotokoll}{section.5}
\BOOKMARK [1][-]{section.6}{Mittelbedarf}{}
\BOOKMARK [1][-]{section.7}{Planung und Organisation}{}
\BOOKMARK [1][-]{section.8}{Wirtschaftlichkeit}{}
\BOOKMARK [1][-]{section.9}{Konsequenzen}{}
\BOOKMARK [1][-]{section.10}{Antrag auf Freigabe der Phase Abschluss}{}
