\BOOKMARK [1][-]{section.1}{Zweck des Dokuments}{}
\BOOKMARK [1][-]{section.2}{Technische Detailspezifikation}{}
\BOOKMARK [2][-]{subsection.2.1}{Innere Struktur}{section.2}
\BOOKMARK [3][-]{subsubsection.2.1.1}{L\366sungsvorschl\344ge f\374r die Struktur des Systemdesigns}{subsection.2.1}
\BOOKMARK [4][-]{paragraph.2.1.1.1}{GUI}{subsubsection.2.1.1}
\BOOKMARK [4][-]{paragraph.2.1.1.2}{Datenstruktur}{subsubsection.2.1.1}
\BOOKMARK [3][-]{subsubsection.2.1.2}{Struktur des Systemdesigns}{subsection.2.1}
\BOOKMARK [3][-]{subsubsection.2.1.3}{Beschreibung der Elemente}{subsection.2.1}
\BOOKMARK [2][-]{subsection.2.2}{Schnittstellendefinition}{section.2}
\BOOKMARK [2][-]{subsection.2.3}{Datenmodell}{section.2}
\BOOKMARK [3][-]{subsubsection.2.3.1}{Datenbank}{subsection.2.3}
\BOOKMARK [3][-]{subsubsection.2.3.2}{File-object}{subsection.2.3}
\BOOKMARK [2][-]{subsection.2.4}{Sicherheit}{section.2}
\BOOKMARK [2][-]{subsection.2.5}{Anforderungszuordnung}{section.2}
\BOOKMARK [1][-]{section.3}{Systemdokumentation}{}
\BOOKMARK [2][-]{subsection.3.1}{Inline-Dokumentation}{section.3}
\BOOKMARK [2][-]{subsection.3.2}{Benutzerhandbuch}{section.3}
\BOOKMARK [3][-]{subsubsection.3.2.1}{System\374bersicht}{subsection.3.2}
\BOOKMARK [4][-]{paragraph.3.2.1.1}{Aufgabengebiet des Programms}{subsubsection.3.2.1}
\BOOKMARK [4][-]{figure.3}{Programmoberfl\344che}{subsubsection.3.2.1}
\BOOKMARK [4][-]{paragraph.3.2.1.3}{Anmerkungen zur korrekten Verwendung unter dem Aspekt der Sicherheit}{subsubsection.3.2.1}
\BOOKMARK [3][-]{subsubsection.3.2.2}{Anwenderfunktionalit\344t}{subsection.3.2}
\BOOKMARK [4][-]{paragraph.3.2.2.1}{Ansicht wechseln}{subsubsection.3.2.2}
\BOOKMARK [4][-]{paragraph.3.2.2.2}{Verzeichnis wechseln}{subsubsection.3.2.2}
\BOOKMARK [4][-]{paragraph.3.2.2.3}{Hisotry}{subsubsection.3.2.2}
\BOOKMARK [4][-]{paragraph.3.2.2.4}{Dateien \326ffnen}{subsubsection.3.2.2}
\BOOKMARK [4][-]{paragraph.3.2.2.5}{Tags hinzuf\374gen}{subsubsection.3.2.2}
\BOOKMARK [4][-]{paragraph.3.2.2.6}{Tags entfernen}{subsubsection.3.2.2}
\BOOKMARK [4][-]{paragraph.3.2.2.7}{Dateien anhand der Tags durchsuchen}{subsubsection.3.2.2}
\BOOKMARK [4][-]{paragraph.3.2.2.8}{Fehlermeldungen}{subsubsection.3.2.2}
\BOOKMARK [4][-]{paragraph.3.2.2.9}{Sichern}{subsubsection.3.2.2}
\BOOKMARK [2][-]{subsection.3.3}{Supporthandbuch}{section.3}
\BOOKMARK [3][-]{subsubsection.3.3.1}{Massnahmen bei Benutzerproblemen}{subsection.3.3}
\BOOKMARK [3][-]{subsubsection.3.3.2}{Massnahmen bei technischen Problemen}{subsection.3.3}
\BOOKMARK [3][-]{subsubsection.3.3.3}{Anhang zum Supporthandbuch}{subsection.3.3}
\BOOKMARK [1][-]{section.4}{Systemtest}{}
\BOOKMARK [2][-]{subsection.4.1}{Testspezifikation}{section.4}
\BOOKMARK [3][-]{subsubsection.4.1.1}{Kritikalit\344t der Funktionseinheit}{subsection.4.1}
\BOOKMARK [3][-]{subsubsection.4.1.2}{Testanforderungen}{subsection.4.1}
\BOOKMARK [3][-]{subsubsection.4.1.3}{Testverfahren}{subsection.4.1}
\BOOKMARK [3][-]{subsubsection.4.1.4}{Tesenriterine}{subsection.4.1}
\BOOKMARK [3][-]{subsubsection.4.1.5}{Testf\344lle}{subsection.4.1}
\BOOKMARK [2][-]{subsection.4.2}{Testprozedur}{section.4}
\BOOKMARK [3][-]{subsubsection.4.2.1}{Vorbereitung}{subsection.4.2}
\BOOKMARK [4][-]{paragraph.4.2.1.1}{Voraussetzungen}{subsubsection.4.2.1}
\BOOKMARK [4][-]{paragraph.4.2.1.2}{Konfiguration}{subsubsection.4.2.1}
\BOOKMARK [3][-]{subsubsection.4.2.2}{Durchf\374hrung}{subsection.4.2}
\BOOKMARK [3][-]{subsubsection.4.2.3}{Nachbearbeitung}{subsection.4.2}
\BOOKMARK [2][-]{subsection.4.3}{Testprotokoll}{section.4}
\BOOKMARK [3][-]{subsubsection.4.3.1}{Testobjekt}{subsection.4.3}
\BOOKMARK [3][-]{subsubsection.4.3.2}{Testresultate}{subsection.4.3}
\BOOKMARK [3][-]{subsubsection.4.3.3}{Testauswerung}{subsection.4.3}
\BOOKMARK [1][-]{section.5}{Mittelbedarf}{}
\BOOKMARK [1][-]{section.6}{Planung und Organisation}{}
\BOOKMARK [1][-]{section.7}{Wirtschaftlichkeit}{}
\BOOKMARK [1][-]{section.8}{Konsequenzen}{}
\BOOKMARK [1][-]{section.9}{Antrag auf Freigabe der n\344chsten Projektphase}{}
\BOOKMARK [1][-]{section.10}{Sourcecode}{}
\BOOKMARK [2][-]{subsection.10.1}{Main.py}{section.10}
\BOOKMARK [2][-]{subsection.10.2}{DB.py}{section.10}
\BOOKMARK [2][-]{subsection.10.3}{Utility.py}{section.10}
\BOOKMARK [2][-]{subsection.10.4}{CLI.py}{section.10}
\BOOKMARK [2][-]{subsection.10.5}{TagManager.py}{section.10}
\BOOKMARK [2][-]{subsection.10.6}{FileManager.py}{section.10}
\BOOKMARK [2][-]{subsection.10.7}{FileSystemListener.py}{section.10}
\BOOKMARK [2][-]{subsection.10.8}{FileSystemListener Linux.py}{section.10}
\BOOKMARK [2][-]{subsection.10.9}{FileSystemListener Windows.py}{section.10}
\BOOKMARK [2][-]{subsection.10.10}{FileSystemListener Mac.py}{section.10}
\BOOKMARK [2][-]{subsection.10.11}{GUI.py}{section.10}
\BOOKMARK [2][-]{subsection.10.12}{TagView.py}{section.10}
\BOOKMARK [2][-]{subsection.10.13}{HirarchicalView.py}{section.10}
\BOOKMARK [2][-]{subsection.10.14}{View.py}{section.10}
\BOOKMARK [2][-]{subsection.10.15}{File.py}{section.10}
\BOOKMARK [2][-]{subsection.10.16}{AddTag.py}{section.10}
