\BOOKMARK [1][-]{section.1}{Zweck des Dokuments}{}
\BOOKMARK [1][-]{section.2}{Ausgangslage}{}
\BOOKMARK [2][-]{subsection.2.1}{Problemstellung}{section.2}
\BOOKMARK [2][-]{subsection.2.2}{Anlass und Begr\374ndung des Projekts}{section.2}
\BOOKMARK [2][-]{subsection.2.3}{Rahmenbedingungen}{section.2}
\BOOKMARK [2][-]{subsection.2.4}{Situationsanalyse}{section.2}
\BOOKMARK [2][-]{subsection.2.5}{Erbrachte Vorleistunge}{section.2}
\BOOKMARK [1][-]{section.3}{Ziele und L\366sungen}{}
\BOOKMARK [2][-]{subsection.3.1}{Zielvorstellungen \(kurz- und langfristig\)}{section.3}
\BOOKMARK [2][-]{subsection.3.2}{M\366gliche L\366sungen}{section.3}
\BOOKMARK [2][-]{subsection.3.3}{Bewertung der Sicherheits- und Datenschutzaspekte}{section.3}
\BOOKMARK [1][-]{section.4}{Mittelbedarf}{}
\BOOKMARK [2][-]{subsection.4.1}{Sachmittel}{section.4}
\BOOKMARK [2][-]{subsection.4.2}{Personal}{section.4}
\BOOKMARK [2][-]{subsection.4.3}{Dienstleistungen}{section.4}
\BOOKMARK [1][-]{section.5}{Planung und Organisation}{}
\BOOKMARK [2][-]{subsection.5.1}{Projektorganisation}{section.5}
\BOOKMARK [2][-]{subsection.5.2}{Anwenderorganisation}{section.5}
\BOOKMARK [2][-]{subsection.5.3}{termine}{section.5}
\BOOKMARK [2][-]{subsection.5.4}{Priorit\344ten}{section.5}
\BOOKMARK [1][-]{section.6}{Wirtschaftlichkeit}{}
\BOOKMARK [1][-]{section.7}{Konsequenzen}{}
\BOOKMARK [2][-]{subsection.7.1}{Auswirkungen \(organisatorisch, personell, baulich, Vorschriften/Weisungen\)}{section.7}
\BOOKMARK [2][-]{subsection.7.2}{Bei Nichtrealisierung}{section.7}
\BOOKMARK [2][-]{subsection.7.3}{Bei versp\344teter Realisierung \(gegen\374ber Wunschtermin\)}{section.7}
\BOOKMARK [2][-]{subsection.7.4}{Auf Schnittstellen zu anderen Systemen}{section.7}
\BOOKMARK [2][-]{subsection.7.5}{Qualit\344tsverbesserungen}{section.7}
\BOOKMARK [2][-]{subsection.7.6}{Risikobeurteilung}{section.7}
\BOOKMARK [2][-]{subsection.7.7}{Ausweichm\366glichkeiten}{section.7}
\BOOKMARK [1][-]{section.8}{Antrag}{}
\BOOKMARK [2][-]{subsection.8.1}{Bisherige Entscheide}{section.8}
\BOOKMARK [2][-]{subsection.8.2}{Formulierung des Projektantrags}{section.8}
